This is pdfTeX, Version 3.14159265-2.6-1.40.20 (MiKTeX 2.9.7050 64-bit) (preloaded format=pdflatex 2019.6.22)  2 MAY 2021 03:10
entering extended mode
**./main.tex
(main.tex
LaTeX2e <2018-12-01>
(IEEEtran.cls
Document Class: IEEEtran 2015/08/26 V1.8b by Michael Shell
-- See the "IEEEtran_HOWTO" manual for usage information.
-- http://www.michaelshell.org/tex/ieeetran/
\@IEEEtrantmpdimenA=\dimen102
\@IEEEtrantmpdimenB=\dimen103
\@IEEEtrantmpdimenC=\dimen104
\@IEEEtrantmpcountA=\count80
\@IEEEtrantmpcountB=\count81
\@IEEEtrantmpcountC=\count82
\@IEEEtrantmptoksA=\toks14
LaTeX Font Info:    Try loading font information for OT1+ptm on input line 503.

("C:\Program Files\MiKTeX 2.9\tex/latex/psnfss\ot1ptm.fd"
File: ot1ptm.fd 2001/06/04 font definitions for OT1/ptm.
)
-- Using IEEE Computer Society mode.
-- Using 210mm x 297mm (a4) paper.
-- Using PDF output.
\@IEEEnormalsizeunitybaselineskip=\dimen105
-- This is a 10 point document.
\CLASSINFOnormalsizebaselineskip=\dimen106
\CLASSINFOnormalsizeunitybaselineskip=\dimen107
\IEEEnormaljot=\dimen108
LaTeX Font Info:    Font shape `OT1/ptm/bx/n' in size <5.01874> not available
(Font)              Font shape `OT1/ptm/b/n' tried instead on input line 1090.
LaTeX Font Info:    Font shape `OT1/ptm/bx/it' in size <5.01874> not available
(Font)              Font shape `OT1/ptm/b/it' tried instead on input line 1090.

LaTeX Font Info:    Font shape `OT1/ptm/bx/n' in size <7.02625> not available
(Font)              Font shape `OT1/ptm/b/n' tried instead on input line 1090.
LaTeX Font Info:    Font shape `OT1/ptm/bx/it' in size <7.02625> not available
(Font)              Font shape `OT1/ptm/b/it' tried instead on input line 1090.

LaTeX Font Info:    Font shape `OT1/ptm/bx/n' in size <8.03> not available
(Font)              Font shape `OT1/ptm/b/n' tried instead on input line 1090.
LaTeX Font Info:    Font shape `OT1/ptm/bx/it' in size <8.03> not available
(Font)              Font shape `OT1/ptm/b/it' tried instead on input line 1090.

LaTeX Font Info:    Font shape `OT1/ptm/bx/n' in size <9.03374> not available
(Font)              Font shape `OT1/ptm/b/n' tried instead on input line 1090.
LaTeX Font Info:    Font shape `OT1/ptm/bx/it' in size <9.03374> not available
(Font)              Font shape `OT1/ptm/b/it' tried instead on input line 1090.

LaTeX Font Info:    Font shape `OT1/ptm/bx/n' in size <10.03749> not available
(Font)              Font shape `OT1/ptm/b/n' tried instead on input line 1090.
LaTeX Font Info:    Font shape `OT1/ptm/bx/it' in size <10.03749> not available

(Font)              Font shape `OT1/ptm/b/it' tried instead on input line 1090.

LaTeX Font Info:    Font shape `OT1/ptm/bx/n' in size <11.04124> not available
(Font)              Font shape `OT1/ptm/b/n' tried instead on input line 1090.
LaTeX Font Info:    Font shape `OT1/ptm/bx/it' in size <11.04124> not available

(Font)              Font shape `OT1/ptm/b/it' tried instead on input line 1090.

LaTeX Font Info:    Font shape `OT1/ptm/bx/n' in size <12.045> not available
(Font)              Font shape `OT1/ptm/b/n' tried instead on input line 1090.
LaTeX Font Info:    Font shape `OT1/ptm/bx/it' in size <12.045> not available
(Font)              Font shape `OT1/ptm/b/it' tried instead on input line 1090.

LaTeX Font Info:    Font shape `OT1/ptm/bx/n' in size <17.06374> not available
(Font)              Font shape `OT1/ptm/b/n' tried instead on input line 1090.
LaTeX Font Info:    Font shape `OT1/ptm/bx/it' in size <17.06374> not available

(Font)              Font shape `OT1/ptm/b/it' tried instead on input line 1090.

LaTeX Font Info:    Font shape `OT1/ptm/bx/n' in size <20.075> not available
(Font)              Font shape `OT1/ptm/b/n' tried instead on input line 1090.
LaTeX Font Info:    Font shape `OT1/ptm/bx/it' in size <20.075> not available
(Font)              Font shape `OT1/ptm/b/it' tried instead on input line 1090.

LaTeX Font Info:    Font shape `OT1/ptm/bx/n' in size <24.09> not available
(Font)              Font shape `OT1/ptm/b/n' tried instead on input line 1090.
LaTeX Font Info:    Font shape `OT1/ptm/bx/it' in size <24.09> not available
(Font)              Font shape `OT1/ptm/b/it' tried instead on input line 1090.

\IEEEquantizedlength=\dimen109
\IEEEquantizedlengthdiff=\dimen110
\IEEEquantizedtextheightdiff=\dimen111
\IEEEilabelindentA=\dimen112
\IEEEilabelindentB=\dimen113
\IEEEilabelindent=\dimen114
\IEEEelabelindent=\dimen115
\IEEEdlabelindent=\dimen116
\IEEElabelindent=\dimen117
\IEEEiednormlabelsep=\dimen118
\IEEEiedmathlabelsep=\dimen119
\IEEEiedtopsep=\skip41
\c@section=\count83
\c@subsection=\count84
\c@subsubsection=\count85
\c@paragraph=\count86
\c@IEEEsubequation=\count87
\abovecaptionskip=\skip42
\belowcaptionskip=\skip43
\c@figure=\count88
\c@table=\count89
\@IEEEeqnnumcols=\count90
\@IEEEeqncolcnt=\count91
\@IEEEsubeqnnumrollback=\count92
\@IEEEquantizeheightA=\dimen120
\@IEEEquantizeheightB=\dimen121
\@IEEEquantizeheightC=\dimen122
\@IEEEquantizeprevdepth=\dimen123
\@IEEEquantizemultiple=\count93
\@IEEEquantizeboxA=\box27
\@IEEEtmpitemindent=\dimen124
\IEEEPARstartletwidth=\dimen125
\c@IEEEbiography=\count94
\@IEEEtranrubishbin=\box28
)
** ATTENTION: Overriding command lockouts (line 3).
("C:\Program Files\MiKTeX 2.9\tex/latex/multirow\multirow.sty"
Package: multirow 2019/05/31 v2.5 Span multiple rows of a table
\multirow@colwidth=\skip44
\multirow@cntb=\count95
\multirow@dima=\skip45
\bigstrutjot=\dimen126
)
(C:\Users\Reza\AppData\Roaming\MiKTeX\2.9\tex/latex/xcolor\xcolor.sty
Package: xcolor 2016/05/11 v2.12 LaTeX color extensions (UK)

("C:\Program Files\MiKTeX 2.9\tex/latex/graphics-cfg\color.cfg"
File: color.cfg 2016/01/02 v1.6 sample color configuration
)
Package xcolor Info: Driver file: pdftex.def on input line 225.

("C:\Program Files\MiKTeX 2.9\tex/latex/graphics-def\pdftex.def"
File: pdftex.def 2018/01/08 v1.0l Graphics/color driver for pdftex
)
(C:\Users\Reza\AppData\Roaming\MiKTeX\2.9\tex/latex/colortbl\colortbl.sty
Package: colortbl 2018/12/12 v1.0d Color table columns (DPC)

("C:\Program Files\MiKTeX 2.9\tex/latex/tools\array.sty"
Package: array 2018/12/30 v2.4k Tabular extension package (FMi)
\col@sep=\dimen127
\ar@mcellbox=\box29
\extrarowheight=\dimen128
\NC@list=\toks15
\extratabsurround=\skip46
\backup@length=\skip47
\ar@cellbox=\box30
)
\everycr=\toks16
\minrowclearance=\skip48
)
\rownum=\count96
Package xcolor Info: Model `cmy' substituted by `cmy0' on input line 1348.
Package xcolor Info: Model `hsb' substituted by `rgb' on input line 1352.
Package xcolor Info: Model `RGB' extended on input line 1364.
Package xcolor Info: Model `HTML' substituted by `rgb' on input line 1366.
Package xcolor Info: Model `Hsb' substituted by `hsb' on input line 1367.
Package xcolor Info: Model `tHsb' substituted by `hsb' on input line 1368.
Package xcolor Info: Model `HSB' substituted by `hsb' on input line 1369.
Package xcolor Info: Model `Gray' substituted by `gray' on input line 1370.
Package xcolor Info: Model `wave' substituted by `hsb' on input line 1371.
) (setup/packages.tex (C:\Users\Reza\AppData\Roaming\MiKTeX\2.9\tex/latex/mdwto
ols\mdwmath.sty
Package: mdwmath 1996/04/11 1.1 Nice mathematical things
\sq@sqrt=\count97
LaTeX Info: Redefining \sqrt on input line 84.
)
(C:\Users\Reza\AppData\Roaming\MiKTeX\2.9\tex/latex/mdwtools\mdwtab.sty
Package: mdwtab 1998/04/28 1.9 Table typesetting with style
\tab@state=\count98
\tab@columns=\count99
\tab@preamble=\toks17
\tab@shortline=\toks18
\extrarowheight=\dimen129
\tabextrasep=\dimen130
\arrayextrasep=\dimen131
\smarraycolsep=\dimen132
\smarrayextrasep=\dimen133
\tab@width=\dimen134
\col@sep=\dimen135
\tab@endheight=\dimen136
\tab@leftskip=\skip49
\tab@rightskip=\skip50
\fn@notes=\box31
\fn@width=\dimen137
)
(C:\Users\Reza\AppData\Roaming\MiKTeX\2.9\tex/latex/eqparbox\eqparbox.sty
Package: eqparbox 2017/09/03 v4.1 Create equal-widthed boxes
\eqp@tempdima=\skip51
\eqp@tempdimb=\skip52
\eqp@tabular@box=\box32
\eqp@list@box=\box33
\eqp@list@indent=\skip53

(C:\Users\Reza\AppData\Roaming\MiKTeX\2.9\tex/latex/environ\environ.sty
Package: environ 2014/05/04 v0.3 A new way to define environments

(C:\Users\Reza\AppData\Roaming\MiKTeX\2.9\tex/latex/trimspaces\trimspaces.sty
Package: trimspaces 2009/09/17 v1.1 Trim spaces around a token list
)
\@envbody=\toks19
)) ("C:\Program Files\MiKTeX 2.9\tex/latex/base\fixltx2e.sty"
Package: fixltx2e 2016/12/29 v2.1a fixes to LaTeX (obsolete)
Applying: [2015/01/01] Old fixltx2e package on input line 46.


Package fixltx2e Warning: fixltx2e is not required with releases after 2015
(fixltx2e)                All fixes are now in the LaTeX kernel.
(fixltx2e)                See the latexrelease package for details.

Already applied: [0000/00/00] Old fixltx2e package on input line 53.
) (C:\Users\Reza\AppData\Roaming\MiKTeX\2.9\tex/latex/sttools\stfloats.sty
Package: stfloats 2017/03/27 v3.3 Improve float mechanism and baselineskip sett
ings
\@dblbotnum=\count100
\c@dblbotnumber=\count101
)
(bibspacing.sty
\bibindent=\dimen138
\bibspacing=\dimen139
) ("C:\Program Files\MiKTeX 2.9\tex/latex/graphics\graphicx.sty"
Package: graphicx 2017/06/01 v1.1a Enhanced LaTeX Graphics (DPC,SPQR)
("C:\Program Files\MiKTeX 2.9\tex/latex/graphics\keyval.sty"
Package: keyval 2014/10/28 v1.15 key=value parser (DPC)
\KV@toks@=\toks20
)
("C:\Program Files\MiKTeX 2.9\tex/latex/graphics\graphics.sty"
Package: graphics 2017/06/25 v1.2c Standard LaTeX Graphics (DPC,SPQR)

("C:\Program Files\MiKTeX 2.9\tex/latex/graphics\trig.sty"
Package: trig 2016/01/03 v1.10 sin cos tan (DPC)
)
("C:\Program Files\MiKTeX 2.9\tex/latex/graphics-cfg\graphics.cfg"
File: graphics.cfg 2016/06/04 v1.11 sample graphics configuration
)
Package graphics Info: Driver file: pdftex.def on input line 99.
)
\Gin@req@height=\dimen140
\Gin@req@width=\dimen141
)
(C:\Users\Reza\AppData\Roaming\MiKTeX\2.9\tex/latex/subfig\subfig.sty
Package: subfig 2005/06/28 ver: 1.3 subfig package

(C:\Users\Reza\AppData\Roaming\MiKTeX\2.9\tex/latex/caption\caption3.sty
Package: caption3 2018/09/12 v1.8c caption3 kernel (AR)
Package caption3 Info: TeX engine: e-TeX on input line 64.
\captionmargin=\dimen142
\captionmargin@=\dimen143
\captionwidth=\dimen144
\caption@tempdima=\dimen145
\caption@indent=\dimen146
\caption@parindent=\dimen147
\caption@hangindent=\dimen148
Package caption Info: Unknown document class (or package),
(caption)             standard defaults will be used.
)
\c@KVtest=\count102
\sf@farskip=\skip54
\sf@captopadj=\dimen149
\sf@capskip=\skip55
\sf@nearskip=\skip56
\c@subfigure=\count103
\c@subfigure@save=\count104
\c@lofdepth=\count105
\c@subtable=\count106
\c@subtable@save=\count107
\c@lotdepth=\count108
\sf@top=\skip57
\sf@bottom=\skip58
)
("C:\Program Files\MiKTeX 2.9\tex/latex/amsmath\amsmath.sty"
Package: amsmath 2018/12/01 v2.17b AMS math features
\@mathmargin=\skip59

For additional information on amsmath, use the `?' option.
("C:\Program Files\MiKTeX 2.9\tex/latex/amsmath\amstext.sty"
Package: amstext 2000/06/29 v2.01 AMS text

("C:\Program Files\MiKTeX 2.9\tex/latex/amsmath\amsgen.sty"
File: amsgen.sty 1999/11/30 v2.0 generic functions
\@emptytoks=\toks21
\ex@=\dimen150
))
("C:\Program Files\MiKTeX 2.9\tex/latex/amsmath\amsbsy.sty"
Package: amsbsy 1999/11/29 v1.2d Bold Symbols
\pmbraise@=\dimen151
)
("C:\Program Files\MiKTeX 2.9\tex/latex/amsmath\amsopn.sty"
Package: amsopn 2016/03/08 v2.02 operator names
)
\inf@bad=\count109
LaTeX Info: Redefining \frac on input line 223.
\uproot@=\count110
\leftroot@=\count111
LaTeX Info: Redefining \overline on input line 385.
\classnum@=\count112
\DOTSCASE@=\count113
LaTeX Info: Redefining \ldots on input line 482.
LaTeX Info: Redefining \dots on input line 485.
LaTeX Info: Redefining \cdots on input line 606.
\Mathstrutbox@=\box34
\strutbox@=\box35
\big@size=\dimen152
LaTeX Font Info:    Redeclaring font encoding OML on input line 729.
LaTeX Font Info:    Redeclaring font encoding OMS on input line 730.
\macc@depth=\count114
\c@MaxMatrixCols=\count115
\dotsspace@=\muskip10
\c@parentequation=\count116
\dspbrk@lvl=\count117
\tag@help=\toks22
\row@=\count118
\column@=\count119
\maxfields@=\count120
\andhelp@=\toks23
\eqnshift@=\dimen153
\alignsep@=\dimen154
\tagshift@=\dimen155
\tagwidth@=\dimen156
\totwidth@=\dimen157
\lineht@=\dimen158
\@envbody=\toks24
\multlinegap=\skip60
\multlinetaggap=\skip61
\mathdisplay@stack=\toks25
LaTeX Info: Redefining \[ on input line 2844.
LaTeX Info: Redefining \] on input line 2845.
)
(C:\Users\Reza\AppData\Roaming\MiKTeX\2.9\tex/latex/bbm\bbm.sty
Package: bbm 1999/03/15 V 1.2 provides fonts for set symbols - TH
LaTeX Font Info:    Overwriting math alphabet `\mathbbm' in version `bold'
(Font)                  U/bbm/m/n --> U/bbm/bx/n on input line 33.
LaTeX Font Info:    Overwriting math alphabet `\mathbbmss' in version `bold'
(Font)                  U/bbmss/m/n --> U/bbmss/bx/n on input line 35.
)
(C:\Users\Reza\AppData\Roaming\MiKTeX\2.9\tex/latex/stmaryrd\stmaryrd.sty
Package: stmaryrd 1994/03/03 St Mary's Road symbol package
\symstmry=\mathgroup4
LaTeX Font Info:    Overwriting symbol font `stmry' in version `bold'
(Font)                  U/stmry/m/n --> U/stmry/b/n on input line 89.
)
(C:\Users\Reza\AppData\Roaming\MiKTeX\2.9\tex/latex/url\url.sty
\Urlmuskip=\muskip11
Package: url 2013/09/16  ver 3.4  Verb mode for urls, etc.
)
("C:\Program Files\MiKTeX 2.9\tex/latex/hyperref\hyperref.sty"
Package: hyperref 2018/11/30 v6.88e Hypertext links for LaTeX

("C:\Program Files\MiKTeX 2.9\tex/generic/oberdiek\hobsub-hyperref.sty"
Package: hobsub-hyperref 2016/05/16 v1.14 Bundle oberdiek, subset hyperref (HO)


("C:\Program Files\MiKTeX 2.9\tex/generic/oberdiek\hobsub-generic.sty"
Package: hobsub-generic 2016/05/16 v1.14 Bundle oberdiek, subset generic (HO)
Package: hobsub 2016/05/16 v1.14 Construct package bundles (HO)
Package: infwarerr 2016/05/16 v1.4 Providing info/warning/error messages (HO)
Package: ltxcmds 2016/05/16 v1.23 LaTeX kernel commands for general use (HO)
Package: ifluatex 2016/05/16 v1.4 Provides the ifluatex switch (HO)
Package ifluatex Info: LuaTeX not detected.
Package: ifvtex 2016/05/16 v1.6 Detect VTeX and its facilities (HO)
Package ifvtex Info: VTeX not detected.
Package: intcalc 2016/05/16 v1.2 Expandable calculations with integers (HO)
Package: ifpdf 2018/09/07 v3.3 Provides the ifpdf switch
Package: etexcmds 2016/05/16 v1.6 Avoid name clashes with e-TeX commands (HO)
Package: kvsetkeys 2016/05/16 v1.17 Key value parser (HO)
Package: kvdefinekeys 2016/05/16 v1.4 Define keys (HO)
Package: pdftexcmds 2018/09/10 v0.29 Utility functions of pdfTeX for LuaTeX (HO
)
Package pdftexcmds Info: LuaTeX not detected.
Package pdftexcmds Info: \pdf@primitive is available.
Package pdftexcmds Info: \pdf@ifprimitive is available.
Package pdftexcmds Info: \pdfdraftmode found.
Package: pdfescape 2016/05/16 v1.14 Implements pdfTeX's escape features (HO)
Package: bigintcalc 2016/05/16 v1.4 Expandable calculations on big integers (HO
)
Package: bitset 2016/05/16 v1.2 Handle bit-vector datatype (HO)
Package: uniquecounter 2016/05/16 v1.3 Provide unlimited unique counter (HO)
)
Package hobsub Info: Skipping package `hobsub' (already loaded).
Package: letltxmacro 2016/05/16 v1.5 Let assignment for LaTeX macros (HO)
Package: hopatch 2016/05/16 v1.3 Wrapper for package hooks (HO)
Package: xcolor-patch 2016/05/16 xcolor patch
Package: atveryend 2016/05/16 v1.9 Hooks at the very end of document (HO)
Package atveryend Info: \enddocument detected (standard20110627).
Package: atbegshi 2016/06/09 v1.18 At begin shipout hook (HO)
Package: refcount 2016/05/16 v3.5 Data extraction from label references (HO)
Package: hycolor 2016/05/16 v1.8 Color options for hyperref/bookmark (HO)
)
(C:\Users\Reza\AppData\Roaming\MiKTeX\2.9\tex/generic/iftex\ifxetex.sty
Package: ifxetex 2019/10/25 v0.7 ifxetex legacy package. Use iftex instead.

(C:\Users\Reza\AppData\Roaming\MiKTeX\2.9\tex/generic/iftex\iftex.sty
Package: iftex 2019/11/07 v1.0c TeX engine tests
))
("C:\Program Files\MiKTeX 2.9\tex/latex/oberdiek\auxhook.sty"
Package: auxhook 2016/05/16 v1.4 Hooks for auxiliary files (HO)
)
("C:\Program Files\MiKTeX 2.9\tex/latex/oberdiek\kvoptions.sty"
Package: kvoptions 2016/05/16 v3.12 Key value format for package options (HO)
)
\@linkdim=\dimen159
\Hy@linkcounter=\count121
\Hy@pagecounter=\count122

("C:\Program Files\MiKTeX 2.9\tex/latex/hyperref\pd1enc.def"
File: pd1enc.def 2018/11/30 v6.88e Hyperref: PDFDocEncoding definition (HO)
Now handling font encoding PD1 ...
... no UTF-8 mapping file for font encoding PD1
)
\Hy@SavedSpaceFactor=\count123

("C:\Program Files\MiKTeX 2.9\tex/latex/00miktex\hyperref.cfg"
File: hyperref.cfg 2002/06/06 v1.2 hyperref configuration of TeXLive
)
Package hyperref Info: Hyper figures OFF on input line 4519.
Package hyperref Info: Link nesting OFF on input line 4524.
Package hyperref Info: Hyper index ON on input line 4527.
Package hyperref Info: Plain pages OFF on input line 4534.
Package hyperref Info: Backreferencing OFF on input line 4539.
Package hyperref Info: Implicit mode ON; LaTeX internals redefined.
Package hyperref Info: Bookmarks ON on input line 4772.
\c@Hy@tempcnt=\count124
LaTeX Info: Redefining \url on input line 5125.
\XeTeXLinkMargin=\dimen160
\Fld@menulength=\count125
\Field@Width=\dimen161
\Fld@charsize=\dimen162
Package hyperref Info: Hyper figures OFF on input line 6380.
Package hyperref Info: Link nesting OFF on input line 6385.
Package hyperref Info: Hyper index ON on input line 6388.
Package hyperref Info: backreferencing OFF on input line 6395.
Package hyperref Info: Link coloring OFF on input line 6400.
Package hyperref Info: Link coloring with OCG OFF on input line 6405.
Package hyperref Info: PDF/A mode OFF on input line 6410.
LaTeX Info: Redefining \ref on input line 6450.
LaTeX Info: Redefining \pageref on input line 6454.
\Hy@abspage=\count126
\c@Item=\count127
\c@Hfootnote=\count128
)
Package hyperref Info: Driver (autodetected): hpdftex.

("C:\Program Files\MiKTeX 2.9\tex/latex/hyperref\hpdftex.def"
File: hpdftex.def 2018/11/30 v6.88e Hyperref driver for pdfTeX
\Fld@listcount=\count129
\c@bookmark@seq@number=\count130

("C:\Program Files\MiKTeX 2.9\tex/latex/oberdiek\rerunfilecheck.sty"
Package: rerunfilecheck 2016/05/16 v1.8 Rerun checks for auxiliary files (HO)
Package uniquecounter Info: New unique counter `rerunfilecheck' on input line 2
82.
)
\Hy@SectionHShift=\skip62
)
(C:\Users\Reza\AppData\Roaming\MiKTeX\2.9\tex/latex/listings\listings.sty
\lst@mode=\count131
\lst@gtempboxa=\box36
\lst@token=\toks26
\lst@length=\count132
\lst@currlwidth=\dimen163
\lst@column=\count133
\lst@pos=\count134
\lst@lostspace=\dimen164
\lst@width=\dimen165
\lst@newlines=\count135
\lst@lineno=\count136
\lst@maxwidth=\dimen166

(C:\Users\Reza\AppData\Roaming\MiKTeX\2.9\tex/latex/listings\lstmisc.sty
File: lstmisc.sty 2019/02/27 1.8b (Carsten Heinz)
\c@lstnumber=\count137
\lst@skipnumbers=\count138
\lst@framebox=\box37
)
(C:\Users\Reza\AppData\Roaming\MiKTeX\2.9\tex/latex/listings\listings.cfg
File: listings.cfg 2019/02/27 1.8b listings configuration
))
Package: listings 2019/02/27 1.8b (Carsten Heinz)

(C:\Users\Reza\AppData\Roaming\MiKTeX\2.9\tex/latex/listings\lstlang1.sty
File: lstlang1.sty 2019/02/27 1.8b listings language file
)
(C:\Users\Reza\AppData\Roaming\MiKTeX\2.9\tex/latex/listings\lstlang1.sty
File: lstlang1.sty 2019/02/27 1.8b listings language file
)
(C:\Users\Reza\AppData\Roaming\MiKTeX\2.9\tex/latex/listings\lstmisc.sty
File: lstmisc.sty 2019/02/27 1.8b (Carsten Heinz)
))
(setup/macros.tex ("C:\Program Files\MiKTeX 2.9\tex/latex/tools\xspace.sty"
Package: xspace 2014/10/28 v1.13 Space after command names (DPC,MH)
))
(setup/table.tex
(C:\Users\Reza\AppData\Roaming\MiKTeX\2.9\tex/latex/adjustbox\adjustbox.sty
Package: adjustbox 2019/01/04 v1.2 Adjusting TeX boxes (trim, clip, ...)

("C:\Program Files\MiKTeX 2.9\tex/latex/xkeyval\xkeyval.sty"
Package: xkeyval 2014/12/03 v2.7a package option processing (HA)

("C:\Program Files\MiKTeX 2.9\tex/generic/xkeyval\xkeyval.tex"
("C:\Program Files\MiKTeX 2.9\tex/generic/xkeyval\xkvutils.tex"
\XKV@toks=\toks27
\XKV@tempa@toks=\toks28
)
\XKV@depth=\count139
File: xkeyval.tex 2014/12/03 v2.7a key=value parser (HA)
))
(C:\Users\Reza\AppData\Roaming\MiKTeX\2.9\tex/latex/adjustbox\adjcalc.sty
Package: adjcalc 2012/05/16 v1.1 Provides advanced setlength with multiple back
-ends (calc, etex, pgfmath)
)
(C:\Users\Reza\AppData\Roaming\MiKTeX\2.9\tex/latex/adjustbox\trimclip.sty
Package: trimclip 2018/04/08 v1.1 Trim and clip general TeX material

(C:\Users\Reza\AppData\Roaming\MiKTeX\2.9\tex/latex/collectbox\collectbox.sty
Package: collectbox 2012/05/17 v0.4b Collect macro arguments as boxes
\collectedbox=\box38
)
\tc@llx=\dimen167
\tc@lly=\dimen168
\tc@urx=\dimen169
\tc@ury=\dimen170
Package trimclip Info: Using driver 'tc-pdftex.def'.

(C:\Users\Reza\AppData\Roaming\MiKTeX\2.9\tex/latex/adjustbox\tc-pdftex.def
File: tc-pdftex.def 2019/01/04 v2.2 Clipping driver for pdftex
))
\adjbox@Width=\dimen171
\adjbox@Height=\dimen172
\adjbox@Depth=\dimen173
\adjbox@Totalheight=\dimen174
\adjbox@pwidth=\dimen175
\adjbox@pheight=\dimen176
\adjbox@pdepth=\dimen177
\adjbox@ptotalheight=\dimen178

(C:\Users\Reza\AppData\Roaming\MiKTeX\2.9\tex/latex/ifoddpage\ifoddpage.sty
Package: ifoddpage 2016/04/23 v1.1 Conditionals for odd/even page detection
\c@checkoddpage=\count140
)
(C:\Users\Reza\AppData\Roaming\MiKTeX\2.9\tex/latex/varwidth\varwidth.sty
Package: varwidth 2009/03/30 ver 0.92;  Variable-width minipages
\@vwid@box=\box39
\sift@deathcycles=\count141
\@vwid@loff=\dimen179
\@vwid@roff=\dimen180
)))

LaTeX Warning: Unused global option(s):
    [times].

(main.aux)
\openout1 = `main.aux'.

LaTeX Font Info:    Checking defaults for OML/cmm/m/it on input line 16.
LaTeX Font Info:    ... okay on input line 16.
LaTeX Font Info:    Checking defaults for T1/cmr/m/n on input line 16.
LaTeX Font Info:    ... okay on input line 16.
LaTeX Font Info:    Checking defaults for OT1/cmr/m/n on input line 16.
LaTeX Font Info:    ... okay on input line 16.
LaTeX Font Info:    Checking defaults for OMS/cmsy/m/n on input line 16.
LaTeX Font Info:    ... okay on input line 16.
LaTeX Font Info:    Checking defaults for OMX/cmex/m/n on input line 16.
LaTeX Font Info:    ... okay on input line 16.
LaTeX Font Info:    Checking defaults for U/cmr/m/n on input line 16.
LaTeX Font Info:    ... okay on input line 16.
LaTeX Font Info:    Checking defaults for PD1/pdf/m/n on input line 16.
LaTeX Font Info:    ... okay on input line 16.

-- Lines per column: 63 (exact).
(C:\Users\Reza\AppData\Roaming\MiKTeX\2.9\tex/context/base/mkii\supp-pdf.mkii
[Loading MPS to PDF converter (version 2006.09.02).]
\scratchcounter=\count142
\scratchdimen=\dimen181
\scratchbox=\box40
\nofMPsegments=\count143
\nofMParguments=\count144
\everyMPshowfont=\toks29
\MPscratchCnt=\count145
\MPscratchDim=\dimen182
\MPnumerator=\count146
\makeMPintoPDFobject=\count147
\everyMPtoPDFconversion=\toks30
) ("C:\Program Files\MiKTeX 2.9\tex/latex/oberdiek\epstopdf-base.sty"
Package: epstopdf-base 2016/05/15 v2.6 Base part for package epstopdf

("C:\Program Files\MiKTeX 2.9\tex/latex/oberdiek\grfext.sty"
Package: grfext 2016/05/16 v1.2 Manage graphics extensions (HO)
)
Package epstopdf-base Info: Redefining graphics rule for `.eps' on input line 4
38.
Package grfext Info: Graphics extension search list:
(grfext)             [.jpg,.png,.eps]
(grfext)             \AppendGraphicsExtensions on input line 456.
)
Package caption Info: Begin \AtBeginDocument code.
Package caption Info: subfig package v1.3 is loaded.
Package caption Info: End \AtBeginDocument code.
\AtBeginShipoutBox=\box41
Package hyperref Info: Link coloring OFF on input line 16.

("C:\Program Files\MiKTeX 2.9\tex/latex/hyperref\nameref.sty"
Package: nameref 2016/05/21 v2.44 Cross-referencing by name of section

("C:\Program Files\MiKTeX 2.9\tex/generic/oberdiek\gettitlestring.sty"
Package: gettitlestring 2016/05/16 v1.5 Cleanup title references (HO)
)
\c@section@level=\count148
)
LaTeX Info: Redefining \ref on input line 16.
LaTeX Info: Redefining \pageref on input line 16.
LaTeX Info: Redefining \nameref on input line 16.

(main.out) (main.out)
\@outlinefile=\write3
\openout3 = `main.out'.

\c@lstlisting=\count149
LaTeX Font Info:    Try loading font information for OT1+phv on input line 26.
 ("C:\Program Files\MiKTeX 2.9\tex/latex/psnfss\ot1phv.fd"
File: ot1phv.fd 2001/06/04 scalable font definitions for OT1/phv.
)
LaTeX Font Info:    Font shape `OT1/ptm/bx/n' in size <14.05249> not available
(Font)              Font shape `OT1/ptm/b/n' tried instead on input line 26.
 (sections/abstract.tex
LaTeX Font Info:    Font shape `OT1/phv/bx/n' in size <9.03374> not available
(Font)              Font shape `OT1/phv/b/n' tried instead on input line 4.
) (sections/introduction.tex) (sections/proposal.tex
LaTeX Font Info:    Font shape `OT1/phv/bx/n' in size <12.045> not available
(Font)              Font shape `OT1/phv/b/n' tried instead on input line 9.
LaTeX Font Info:    Calculating math sizes for size <10.03749> on input line 10
.
LaTeX Font Info:    Try loading font information for U+stmry on input line 10.

(C:\Users\Reza\AppData\Roaming\MiKTeX\2.9\tex/latex/stmaryrd\ustmry.fd)
LaTeX Font Info:    Calculating math sizes for size <8.03> on input line 10.
LaTeX Font Info:    Try loading font information for OT1+pcr on input line 10.

("C:\Program Files\MiKTeX 2.9\tex/latex/psnfss\ot1pcr.fd"
File: ot1pcr.fd 2001/06/04 font definitions for OT1/pcr.
)
Underfull \hbox (badness 6961) in paragraph at lines 10--10
[][][][]\OT1/ptm/m/n/8.03 Etherscan: []$https : / / bit . ly / 33xHfL2$[], []$h
ttps : / / bit . ly / 35TimMW$[] and
 []


Underfull \hbox (badness 2269) in paragraph at lines 12--13
\OT1/ptm/m/n/10.03749 20 to-kens fall un-der the \OT1/ptm/m/it/10.03749 Con-tra
ct layer \OT1/ptm/m/n/10.03749 in which
 []

[1{C:/Users/Reza/AppData/Local/MiKTeX/2.9/pdftex/config/pdftex.map}


]
Underfull \hbox (badness 6493) in paragraph at lines 21--22
 \OT1/ptm/b/n/10.03749 2.1.1. Mul-ti-ple With-drawal At-tack. [][][] \OT1/ptm/m
/n/10.03749 With-out our
 []

(tables/table5.tex [2]

LaTeX Warning: No positions in optional float specifier.
               Default added (so using `tbp') on input line 3.

LaTeX Font Info:    Font shape `OT1/phv/bx/n' in size <8.03> not available
(Font)              Font shape `OT1/phv/b/n' tried instead on input line 8.
)
Underfull \hbox (badness 1838) in paragraph at lines 76--77
[]\OT1/phv/m/n/10.03749 TokenHook \OT1/ptm/m/n/10.03749 makes other im-prove-me
nts over the
 []


Underfull \hbox (badness 1735) in paragraph at lines 76--77
\OT1/ptm/m/n/10.03749 pelin in-tro-duces two new func-tions to mit-i-gate the
 []


Underfull \hbox (badness 2150) in paragraph at lines 76--77
\OT1/ptm/m/n/10.03749 mul-ti-ple with-draw at-tack: \OT1/pcr/m/n/10.03749 incre
aseAllowance()
 []


Underfull \hbox (badness 4242) in paragraph at lines 76--77
\OT1/ptm/m/n/10.03749 and \OT1/pcr/m/n/10.03749 decreaseAllowance()\OT1/ptm/m/n
/10.03749 . How-ever these are
 []


Underfull \hbox (badness 1694) in paragraph at lines 76--77
\OT1/ptm/m/n/10.03749 op-er-a-ble with other ap-pli-ca-tions that ex-pect to us
e
 []

) (sections/audits.tex [3]
Underfull \hbox (badness 10000) in paragraph at lines 21--22
[]\OT1/ptm/m/it/10.03749 ContractGuard \OT1/ptm/m/n/10.03749 flags \OT1/ptm/m/i
t/10.03749 Re-entrancy at-tack \OT1/ptm/m/n/10.03749 in
 []


Underfull \hbox (badness 1845) in paragraph at lines 21--22
\OT1/pcr/m/n/10.03749 transfer() \OT1/ptm/m/n/10.03749 func-tion while both CEI
 and Mu-tex
 []

) (sections/comparison.tex) (sections/conclusion.tex) (main.bbl [4]
Underfull \hbox (badness 5133) in paragraph at lines 14--18
[]\OT1/ptm/m/n/8.03 Vitalik Bu-terin Fabian Vo-gel-steller.  Erc-20 to-ken stan
-
 []


Underfull \hbox (badness 3271) in paragraph at lines 20--23
[]\OT1/ptm/m/n/8.03 Alethio Re-port-ing.  Gen-er-ate mean-ing-ful knowl-edge fr
om
 []


Underfull \hbox (badness 4266) in paragraph at lines 37--42
[]\OT1/ptm/m/n/8.03 Loi Luu, Duc-Hiep Chu, Hrishi Olickel, Pra-teek Sax-ena,
 []


Underfull \hbox (badness 7397) in paragraph at lines 37--42
\OT1/ptm/m/n/8.03 and Aquinas Ho-bor.  Mak-ing smart con-tracts smarter.
 []


Underfull \hbox (badness 10000) in paragraph at lines 37--42
[]$\OT1/ptm/m/n/8.03 https : / / dl . acm . org / ft[]gateway . cfm ? id = 2978
309 & ftid = 1805715 &
 []


Underfull \hbox (badness 10000) in paragraph at lines 37--42
\OT1/ptm/m/n/8.03 dwn = 1 & CFID = 86372769 & CFTOKEN = b697c89273876526 -[]
 []


Underfull \hbox (badness 6641) in paragraph at lines 63--68
[]\OT1/ptm/m/n/8.03 Santiago Pal-ladino.  The par-ity wal-let hack ex-plained.
 []


Underfull \hbox (badness 10000) in paragraph at lines 63--68
[]$\OT1/ptm/m/n/8.03 https : / / blog . openzeppelin . com / on -[] the -[] par
ity -[] wallet -[] multisig -[]
 []


Underfull \hbox (badness 10000) in paragraph at lines 70--75
[]\OT1/ptm/m/n/8.03 Kai Sedg-wick.  Myether-wal-let servers are hi-jacked.
 []


Underfull \hbox (badness 10000) in paragraph at lines 70--75
[]$\OT1/ptm/m/n/8.03 https : / / news . bitcoin . com / myetherwallet -[] serve
rs -[] are -[] hijacked -[]
 []


Underfull \hbox (badness 10000) in paragraph at lines 77--82
\OT1/ptm/m/n/8.03 stole -[] 31m -[] of -[] ether -[] how -[] it -[] happened -[
] and -[] what -[] it -[] means -[] for -[]
 []


Underfull \hbox (badness 1803) in paragraph at lines 97--102
[]\OT1/ptm/m/n/8.03 OpenZeppelin.  Con-tracts.  []$https : / / github . com / O
penZeppelin /
 []


Underfull \hbox (badness 10000) in paragraph at lines 97--102
\OT1/ptm/m/n/8.03 openzeppelin -[] contracts / blob / master / contracts / toke
n / ERC20 /
 []


Underfull \hbox (badness 1838) in paragraph at lines 126--130
\OT1/ptm/m/n/8.03 tices.  []$https : / / consensys . github . io / smart -[] co
ntract -[] best -[] practices/$[],
 []


Underfull \hbox (badness 10000) in paragraph at lines 132--137
\OT1/ptm/m/n/8.03 guylando / KnowledgeLists / blob / master / EthereumSmartCont
racts .
 []


Underfull \hbox (badness 7291) in paragraph at lines 139--144
[]\OT1/ptm/m/n/8.03 Chris Coverdale.  Transaction-ordering at-tacks.  []$https 
:
 []


Underfull \hbox (badness 10000) in paragraph at lines 139--144
\OT1/ptm/m/n/8.03 / / medium . com / coinmonks / solidity -[] transaction -[] o
rdering -[] attacks -[]
 []


Underfull \hbox (badness 5331) in paragraph at lines 157--162
[]\OT1/ptm/m/n/8.03 Solidty Doc-u-men-ta-tion.  Checks ef-fects in-ter-ac-tions
 pat-
 []


Underfull \hbox (badness 2418) in paragraph at lines 169--173
\OT1/ptm/m/n/8.03 codes.  []$https : / / github . com / ethereum / EIPs / blob 
/ master / EIPS / eip -[]
 []


Underfull \hbox (badness 5817) in paragraph at lines 175--180
[]\OT1/ptm/m/n/8.03 ConsenSys Dili-gence.  To-ken im-ple-men-ta-tion best prac-

 []


Underfull \hbox (badness 6268) in paragraph at lines 175--180
\OT1/ptm/m/n/8.03 tice.  []$https : / / consensys . github . io / smart -[] con
tract -[] best -[] practices /
 []


Underfull \hbox (badness 1622) in paragraph at lines 216--221
[]\OT1/ptm/m/n/8.03 Trail of Bits.  Watch your lan-guage: Our first vyper au-
 []


Underfull \hbox (badness 2119) in paragraph at lines 223--228
[]\OT1/ptm/m/n/8.03 Alex Roan.  7 open-zep-pelin con-tracts you should al-ways
 []


Underfull \hbox (badness 4378) in paragraph at lines 223--228
\OT1/ptm/m/n/8.03 use.  []$https : / / medium . com / better -[] programming / 
7 -[] openzeppelin -[]
 []


Underfull \hbox (badness 1460) in paragraph at lines 230--235
\OT1/ptm/m/n/8.03 zep-pelin.  []$https : / / www . tooploox . com / blog / crea
te -[] and -[] distribute -[]
 []


Underfull \hbox (badness 10000) in paragraph at lines 237--242
[]$\OT1/ptm/m/n/8.03 https : / / www . truesuite . com / tutorials / robust -[
] smart -[] contracts -[] with -[]
 []


Underfull \hbox (badness 4805) in paragraph at lines 267--270
[]\OT1/ptm/m/n/8.03 SmartDec.  Knowledge-base.  []$https : / / github . com / s
martdec /
 []


Underfull \hbox (badness 10000) in paragraph at lines 292--297
\OT1/ptm/m/n/8.03 com / crytic / slither / wiki / Detector -[] Documentation # 
name -[] reused$[],
 []


Underfull \hbox (badness 10000) in paragraph at lines 311--316
[]\OT1/ptm/m/n/8.03 Nicolas Ven-turo and Fran-cisco Gior-dano.  Reen-trancy
 []


Underfull \hbox (badness 10000) in paragraph at lines 311--316
\OT1/ptm/m/n/8.03 guard.  []$https : / / github . com / OpenZeppelin / openzepp
elin -[]
 []


Underfull \hbox (badness 10000) in paragraph at lines 311--316
\OT1/ptm/m/n/8.03 contracts / blob / master / contracts / utils / ReentrancyGua
rd . sol$[], Oct
 []


Underfull \hbox (badness 1997) in paragraph at lines 318--323
[]\OT1/ptm/m/n/8.03 Feist Jos-selin.  Slither -- a so-lid-ity static anal-y-sis
 frame-
 []


Underfull \hbox (badness 2443) in paragraph at lines 318--323
\OT1/ptm/m/n/8.03 work.  []$https : / / blog . trailofbits . com / 2018 / 10 / 
19 / slither -[] a -[] solidity -[]
 []


Underfull \hbox (badness 7540) in paragraph at lines 345--350
\OT1/ptm/m/n/8.03 io / address / 0xc5d105e63711398af9bb092d4b6769c82f793d$[], 
Jun
 []


Underfull \vbox (badness 10000) has occurred while \output is active []

 [5]
Underfull \hbox (badness 1803) in paragraph at lines 363--368
[]\OT1/ptm/m/n/8.03 OpenZeppelin.  Con-tracts.  []$https : / / github . com / O
penZeppelin /
 []


Underfull \hbox (badness 10000) in paragraph at lines 363--368
\OT1/ptm/m/n/8.03 openzeppelin -[] contracts / blob / master / contracts / math
 / SafeMath . sol$[],
 []


Underfull \hbox (badness 6461) in paragraph at lines 375--380
[]\OT1/ptm/m/n/8.03 Natalia Shir-shova.  The ben-e-fits of ``buy'' and ``sell''
.
 []


Underfull \hbox (badness 10000) in paragraph at lines 375--380
[]$\OT1/ptm/m/n/8.03 https : / / medium . com / orbise / the -[] benets -[] of
 -[] buy -[] and -[] sell -[] token -[]
 []


Underfull \hbox (badness 3735) in paragraph at lines 407--411
[]\OT1/ptm/m/n/8.03 Afri Schoe-don Alex Beregsza-szi.  Hard-fork meta: Is-tan-
 []


Underfull \hbox (badness 10000) in paragraph at lines 418--423
[]\OT1/ptm/m/n/8.03 Rubixi.  Ru-bixi con-tract.  []$https : / / etherscan . io 
/ address /
 []


Underfull \hbox (badness 10000) in paragraph at lines 418--423
\OT1/ptm/m/n/8.03 0xe82719202e5965Cf5D9B6673B7503a3b92DE20be # code$[],
 []


Underfull \hbox (badness 10000) in paragraph at lines 425--430
\OT1/ptm/m/n/8.03 readthedocs . io / en / latest / contracts . html ? highlight
 = library # libraries$[],
 []


Underfull \hbox (badness 10000) in paragraph at lines 459--464
\OT1/ptm/m/n/8.03 io / address / 0xa74476443119A942dE498590Fe1f2454d7D4aC0d #
 []


Underfull \hbox (badness 10000) in paragraph at lines 471--476
\OT1/ptm/m/n/8.03 openzeppelin . com / ethereum -[] in -[] depth -[] part -[] 2
 -[] 6339cf6bddb9/$[], Jul
 []

) (sections/vulnerabilities.tex
Underfull \hbox (badness 5217) in paragraph at lines 8--9
\OT1/ptm/m/it/10.03749 ordering \OT1/ptm/m/n/10.03749 [[]] or \OT1/ptm/m/it/10.
03749 front-running \OT1/ptm/m/n/10.03749 [[]] at-tack. There
 []


Underfull \hbox (badness 3769) in paragraph at lines 8--9
\OT1/ptm/m/n/10.03749 are two ERC-20 func-tions (\OT1/ptm/m/it/10.03749 i.e., \
OT1/pcr/m/n/10.03749 Approve() \OT1/ptm/m/n/10.03749 and
 []


Underfull \hbox (badness 1490) in paragraph at lines 8--9
\OT1/ptm/m/n/10.03749 and its ex-ten-sion in Open-Zep-pelin [[]]) by adding
 []


Underfull \hbox (badness 10000) in paragraph at lines 8--9
\OT1/ptm/m/n/10.03749 new func-tions (\OT1/ptm/m/it/10.03749 i.e., \OT1/pcr/m/n
/10.03749 decreaseApproval()
 []


Underfull \hbox (badness 10000) in paragraph at lines 8--9
\OT1/ptm/m/n/10.03749 and \OT1/pcr/m/n/10.03749 increaseApproval()\OT1/ptm/m/n/
10.03749 ), how-ever, se-cur-ing
 []

[6]
Underfull \hbox (badness 3029) in paragraph at lines 19--20
[]\OT1/ptm/m/n/10.03749 In So-lid-ity, send-ing ETH to ex-ter-nal ad-dresses
 []


Underfull \hbox (badness 10000) in paragraph at lines 19--20
\OT1/ptm/m/n/10.03749 is sup-ported by three op-tions: \OT1/pcr/m/n/10.03749 ca
ll.value()\OT1/ptm/m/n/10.03749 ,
 []


Underfull \hbox (badness 6461) in paragraph at lines 31--32
\OT1/ptm/m/n/10.03749 Al-though we use \OT1/pcr/m/n/10.03749 address(this).bala
nce \OT1/ptm/m/n/10.03749 in
 []


Underfull \hbox (badness 10000) in paragraph at lines 31--32
\OT1/pcr/m/n/10.03749 address(this).balance == 0.5 ether)\OT1/ptm/m/n/10.03749 
---we
 []


Underfull \hbox (badness 1571) in paragraph at lines 31--32
\OT1/ptm/m/n/10.03749 man-u-ally, we pro-vide \OT1/pcr/m/n/10.03749 contractBal
ance \OT1/ptm/m/n/10.03749 vari-able.
 []


Underfull \hbox (badness 2753) in paragraph at lines 31--32
\OT1/ptm/m/n/10.03749 get cur-rent con-tract bal-ance and check un-ex-pected
 []


Underfull \hbox (badness 1681) in paragraph at lines 31--32
\OT1/ptm/m/n/10.03749 re-ceived ETH (\OT1/ptm/m/it/10.03749 i.e., \OT1/pcr/m/n/
10.03749 getContractBalance() \OT1/ptm/m/n/10.03749 and
 []

) (sections/bestpractices.tex
Underfull \vbox (badness 4181) has occurred while \output is active []

 [7])
(sections/results.tex
<figures/table1.png, id=591, 694.84593pt x 1137.4997pt>
File: figures/table1.png Graphic file (type png)
<use figures/table1.png>
Package pdftex.def Info: figures/table1.png  used on input line 12.
(pdftex.def)             Requested size: 440.18959pt x 720.60332pt.


LaTeX Warning: Float too large for page by 15.73064pt on input line 13.

<figures/table2.png, id=593, 692.5875pt x 1068.99374pt>
File: figures/table2.png Graphic file (type png)
<use figures/table2.png>
Package pdftex.def Info: figures/table2.png  used on input line 17.
(pdftex.def)             Requested size: 440.18959pt x 679.43964pt.
<figures/table3.png, id=594, 690.32906pt x 1075.76906pt>
File: figures/table3.png Graphic file (type png)
<use figures/table3.png>
Package pdftex.def Info: figures/table3.png  used on input line 22.
(pdftex.def)             Requested size: 440.18959pt x 685.97838pt.
)

** Conference Paper **
Before submitting the final camera ready copy, remember to:

 1. Manually equalize the lengths of two columns on the last page
 of your paper;

 2. Ensure that any PostScript and/or PDF output post-processing
 uses only Type 1 fonts and that every step in the generation
 process uses the appropriate paper size.

Package atveryend Info: Empty hook `BeforeClearDocument' on input line 45.
[8] [9 <./figures/table1.png>] [10 <./figures/table2.png>] [11 <./figures/table
3.png>]
Package atveryend Info: Empty hook `AfterLastShipout' on input line 45.
 (main.aux)
Package atveryend Info: Executing hook `AtVeryEndDocument' on input line 45.
Package atveryend Info: Executing hook `AtEndAfterFileList' on input line 45.
Package rerunfilecheck Info: File `main.out' has not changed.
(rerunfilecheck)             Checksum: 922F5858565AB69D483AD86A0B90E6C2;3410.
Package atveryend Info: Empty hook `AtVeryVeryEnd' on input line 45.
 ) 
Here is how much of TeX's memory you used:
 11280 strings out of 492895
 172848 string characters out of 3133482
 470548 words of memory out of 3000000
 14804 multiletter control sequences out of 15000+200000
 59146 words of font info for 107 fonts, out of 3000000 for 9000
 1141 hyphenation exceptions out of 8191
 38i,16n,58p,2624b,446s stack positions out of 5000i,500n,10000p,200000b,50000s
{C:/Program Files/MiKTeX 2.9/fonts/enc/dvips/base/8r.enc}<C:/Program Files/Mi
KTeX 2.9/fonts/type1/public/amsfonts/cm/cmsy6.pfb><C:/Program Files/MiKTeX 2.9/
fonts/type1/urw/courier/ucrr8a.pfb><C:/Program Files/MiKTeX 2.9/fonts/type1/urw
/helvetic/uhvb8a.pfb><C:/Program Files/MiKTeX 2.9/fonts/type1/urw/helvetic/uhvr
8a.pfb><C:/Program Files/MiKTeX 2.9/fonts/type1/urw/times/utmb8a.pfb><C:/Progra
m Files/MiKTeX 2.9/fonts/type1/urw/times/utmbi8a.pfb><C:/Program Files/MiKTeX 2
.9/fonts/type1/urw/times/utmr8a.pfb><C:/Program Files/MiKTeX 2.9/fonts/type1/ur
w/times/utmri8a.pfb>
Output written on main.pdf (11 pages, 1020827 bytes).
PDF statistics:
 677 PDF objects out of 1000 (max. 8388607)
 154 named destinations out of 1000 (max. 500000)
 368 words of extra memory for PDF output out of 10000 (max. 10000000)

