\BOOKMARK [1][-]{section.1}{Introduction}{}% 1
\BOOKMARK [1][-]{section.2}{TokenHook}{}% 2
\BOOKMARK [2][-]{subsection.2.1}{Security features}{section.2}% 3
\BOOKMARK [3][-]{subsubsection.2.1.1}{Multiple Withdrawal Attack}{subsection.2.1}% 4
\BOOKMARK [3][-]{subsubsection.2.1.2}{Arithmetic Over/Under Flows}{subsection.2.1}% 5
\BOOKMARK [3][-]{subsubsection.2.1.3}{Re-entrancy}{subsection.2.1}% 6
\BOOKMARK [3][-]{subsubsection.2.1.4}{Unchecked return values}{subsection.2.1}% 7
\BOOKMARK [3][-]{subsubsection.2.1.5}{Frozen Ether}{subsection.2.1}% 8
\BOOKMARK [3][-]{subsubsection.2.1.6}{Unprotected Ether Withdrawal}{subsection.2.1}% 9
\BOOKMARK [3][-]{subsubsection.2.1.7}{State variable manipulation}{subsection.2.1}% 10
\BOOKMARK [2][-]{subsection.2.2}{Best practices and enhancements}{section.2}% 11
\BOOKMARK [3][-]{subsubsection.2.2.1}{Compliance with ERC-20}{subsection.2.2}% 12
\BOOKMARK [3][-]{subsubsection.2.2.2}{External visibility}{subsection.2.2}% 13
\BOOKMARK [3][-]{subsubsection.2.2.3}{Fail-Safe Mode}{subsection.2.2}% 14
\BOOKMARK [3][-]{subsubsection.2.2.4}{Firing events}{subsection.2.2}% 15
\BOOKMARK [3][-]{subsubsection.2.2.5}{Proxy contracts}{subsection.2.2}% 16
\BOOKMARK [3][-]{subsubsection.2.2.6}{Other enhancements}{subsection.2.2}% 17
\BOOKMARK [2][-]{subsection.2.3}{Vyper vs Solidity implementation}{section.2}% 18
\BOOKMARK [2][-]{subsection.2.4}{Need for another reference implementation}{section.2}% 19
\BOOKMARK [1][-]{section.3}{Code audit}{}% 20
\BOOKMARK [2][-]{subsection.3.1}{Analysis of audit results}{section.3}% 21
\BOOKMARK [2][-]{subsection.3.2}{Comparing audits}{section.3}% 22
\BOOKMARK [1][-]{section.4}{Conclusion}{}% 23
\BOOKMARK [1][-]{section*.3}{Appendix A: Sample of high profile vulnerabilities}{}% 24
\BOOKMARK [2][-]{subsection.Appendix.A.1}{Multiple withdrawal}{section*.3}% 25
\BOOKMARK [2][-]{subsection.Appendix.A.2}{Arithmetic Over/Under Flows.}{section*.3}% 26
\BOOKMARK [2][-]{subsection.Appendix.A.3}{Re-entrancy}{section*.3}% 27
\BOOKMARK [2][-]{subsection.Appendix.A.4}{Unchecked return values}{section*.3}% 28
\BOOKMARK [2][-]{subsection.Appendix.A.5}{Frozen Ether}{section*.3}% 29
\BOOKMARK [2][-]{subsection.Appendix.A.6}{Unprotected Ether Withdrawal}{section*.3}% 30
\BOOKMARK [2][-]{subsection.Appendix.A.7}{State variable manipulation}{section*.3}% 31
\BOOKMARK [2][-]{subsection.Appendix.A.8}{Balance manipulation}{section*.3}% 32
\BOOKMARK [2][-]{subsection.Appendix.A.9}{Public visibility}{section*.3}% 33
\BOOKMARK [1][-]{section*.4}{Appendix B: A sample of best practices}{}% 34
\BOOKMARK [2][-]{subsection.Appendix.B.1}{Compliance with ERC-20.}{section*.4}% 35
\BOOKMARK [2][-]{subsection.Appendix.B.2}{External visibility.}{section*.4}% 36
\BOOKMARK [2][-]{subsection.Appendix.B.3}{Fail-Safe Mode.}{section*.4}% 37
\BOOKMARK [2][-]{subsection.Appendix.B.4}{Firing events.}{section*.4}% 38
\BOOKMARK [2][-]{subsection.Appendix.B.5}{Global or Miner controlled variables.}{section*.4}% 39
\BOOKMARK [2][-]{subsection.Appendix.B.6}{Proxy contracts.}{section*.4}% 40
\BOOKMARK [2][-]{subsection.Appendix.B.7}{DoS with Unexpected revert.}{section*.4}% 41
\BOOKMARK [2][-]{subsection.Appendix.B.8}{Unprotected SELFDESTRUCT}{section*.4}% 42
\BOOKMARK [2][-]{subsection.Appendix.B.9}{DoS with block gas limit.}{section*.4}% 43
\BOOKMARK [1][-]{section*.5}{Appendix C: Auditing results}{}% 44
